0 info it worked if it ends with ok
1 verbose cli [ '/usr/local/bin/node',
1 verbose cli   '/usr/local/bin/npm',
1 verbose cli   'i',
1 verbose cli   '-g',
1 verbose cli   'eslint',
1 verbose cli   '[eslint-plugins]' ]
2 info using npm@3.10.10
3 info using node@v6.10.3
4 silly loadCurrentTree Starting
5 silly install loadCurrentTree
6 silly install readGlobalPackageData
7 silly fetchPackageMetaData eslint
8 silly fetchPackageMetaData [eslint-plugins]
9 silly fetchNamedPackageData eslint
10 silly mapToRegistry name eslint
11 silly mapToRegistry using default registry
12 silly mapToRegistry registry https://registry.npmjs.org/
13 silly mapToRegistry data Result {
13 silly mapToRegistry   raw: 'eslint',
13 silly mapToRegistry   scope: null,
13 silly mapToRegistry   escapedName: 'eslint',
13 silly mapToRegistry   name: 'eslint',
13 silly mapToRegistry   rawSpec: '',
13 silly mapToRegistry   spec: 'latest',
13 silly mapToRegistry   type: 'tag' }
14 silly mapToRegistry uri https://registry.npmjs.org/eslint
15 silly fetchOtherPackageData [eslint-plugins]
16 silly cache add args [ '[eslint-plugins]', null ]
17 verbose cache add spec [eslint-plugins]
18 silly cache add parsed spec Result {
18 silly cache add   raw: '[eslint-plugins]',
18 silly cache add   scope: null,
18 silly cache add   escapedName: null,
18 silly cache add   name: null,
18 silly cache add   rawSpec: '[eslint-plugins]',
18 silly cache add   spec: '/Users/eda/workspace/pick-a-flick-in-thirty-tics/[eslint-plugins]',
18 silly cache add   type: 'local' }
19 error addLocal Could not install /Users/eda/workspace/pick-a-flick-in-thirty-tics/[eslint-plugins]
20 silly fetchPackageMetaData Error: ENOENT: no such file or directory, open '/Users/eda/workspace/pick-a-flick-in-thirty-tics/[eslint-plugins]'
20 silly fetchPackageMetaData     at Error (native)
20 silly fetchPackageMetaData  error for [eslint-plugins] { Error: ENOENT: no such file or directory, open '/Users/eda/workspace/pick-a-flick-in-thirty-tics/[eslint-plugins]'
20 silly fetchPackageMetaData     at Error (native)
20 silly fetchPackageMetaData   errno: -2,
20 silly fetchPackageMetaData   code: 'ENOENT',
20 silly fetchPackageMetaData   syscall: 'open',
20 silly fetchPackageMetaData   path: '/Users/eda/workspace/pick-a-flick-in-thirty-tics/[eslint-plugins]' }
21 verbose request uri https://registry.npmjs.org/eslint
22 verbose request no auth needed
23 info attempt registry request try #1 at 10:21:00 AM
24 verbose request id 67c27a0108bc0e21
25 verbose etag W/"591bdc0f-6f82e"
26 verbose lastModified Wed, 17 May 2017 05:13:51 GMT
27 http request GET https://registry.npmjs.org/eslint
28 http 304 https://registry.npmjs.org/eslint
29 verbose headers { date: 'Thu, 18 May 2017 22:21:01 GMT',
29 verbose headers   via: '1.1 varnish',
29 verbose headers   'cache-control': 'max-age=300',
29 verbose headers   etag: 'W/"591bdc0f-6f82e"',
29 verbose headers   age: '223',
29 verbose headers   connection: 'keep-alive',
29 verbose headers   'x-served-by': 'cache-akl1423-AKL',
29 verbose headers   'x-cache': 'HIT',
29 verbose headers   'x-cache-hits': '5',
29 verbose headers   'x-timer': 'S1495146061.354411,VS0,VE0',
29 verbose headers   vary: 'Accept-Encoding' }
30 silly get cb [ 304,
30 silly get   { date: 'Thu, 18 May 2017 22:21:01 GMT',
30 silly get     via: '1.1 varnish',
30 silly get     'cache-control': 'max-age=300',
30 silly get     etag: 'W/"591bdc0f-6f82e"',
30 silly get     age: '223',
30 silly get     connection: 'keep-alive',
30 silly get     'x-served-by': 'cache-akl1423-AKL',
30 silly get     'x-cache': 'HIT',
30 silly get     'x-cache-hits': '5',
30 silly get     'x-timer': 'S1495146061.354411,VS0,VE0',
30 silly get     vary: 'Accept-Encoding' } ]
31 verbose etag https://registry.npmjs.org/eslint from cache
32 verbose get saving eslint to /Users/eda/.npm/registry.npmjs.org/eslint/.cache.json
33 verbose correctMkdir /Users/eda/.npm correctMkdir not in flight; initializing
34 silly rollbackFailedOptional Starting
35 silly rollbackFailedOptional Finishing
36 silly runTopLevelLifecycles Finishing
37 silly install printInstalled
38 verbose stack Error: ENOENT: no such file or directory, open '/Users/eda/workspace/pick-a-flick-in-thirty-tics/[eslint-plugins]'
38 verbose stack     at Error (native)
39 verbose cwd /Users/eda/workspace/pick-a-flick-in-thirty-tics
40 error Darwin 15.6.0
41 error argv "/usr/local/bin/node" "/usr/local/bin/npm" "i" "-g" "eslint" "[eslint-plugins]"
42 error node v6.10.3
43 error npm  v3.10.10
44 error path /Users/eda/workspace/pick-a-flick-in-thirty-tics/[eslint-plugins]
45 error code ENOENT
46 error errno -2
47 error syscall open
48 error enoent ENOENT: no such file or directory, open '/Users/eda/workspace/pick-a-flick-in-thirty-tics/[eslint-plugins]'
49 error enoent ENOENT: no such file or directory, open '/Users/eda/workspace/pick-a-flick-in-thirty-tics/[eslint-plugins]'
49 error enoent This is most likely not a problem with npm itself
49 error enoent and is related to npm not being able to find a file.
50 verbose exit [ -2, true ]
